# JRE version: Java(TM) SE Runtime Environment (8.0_65-b17) (build 1.8.0_65-b17)
# Java VM: Java HotSpot(TM) 64-Bit Server VM (25.65-b01 mixed mode bsd-amd64 compressed oops)
Heap:
 PSYoungGen      total 24576K, used 10976K [0x0000000795580000, 0x0000000798200000, 0x00000007c0000000)
  eden space 24064K, 45% used [0x0000000795580000,0x0000000796028320,0x0000000796d00000)
  from space 512K, 12% used [0x0000000798180000,0x0000000798190000,0x0000000798200000)
  to   space 512K, 0% used [0x0000000798100000,0x0000000798100000,0x0000000798180000)
 ParOldGen       total 87552K, used 4462K [0x0000000740000000, 0x0000000745580000, 0x0000000795580000)
  object space 87552K, 5% used [0x0000000740000000,0x000000074045b820,0x0000000745580000)
 Metaspace       used 11203K, capacity 11626K, committed 11776K, reserved 1058816K
  class space    used 1391K, capacity 1536K, committed 1536K, reserved 1048576K
GC Heap History (10 events):
Event: 14.023 GC heap before
{Heap before GC invocations=116 (full 0):
 PSYoungGen      total 24576K, used 24160K [0x0000000795580000, 0x0000000798200000, 0x00000007c0000000)
  eden space 24064K, 100% used [0x0000000795580000,0x0000000796d00000,0x0000000796d00000)
  from space 512K, 18% used [0x0000000798100000,0x0000000798118000,0x0000000798180000)
  to   space 512K, 0% used [0x0000000798180000,0x0000000798180000,0x0000000798200000)
 ParOldGen       total 87552K, used 4398K [0x0000000740000000, 0x0000000745580000, 0x0000000795580000)
  object space 87552K, 5% used [0x0000000740000000,0x000000074044b820,0x0000000745580000)
 Metaspace       used 11171K, capacity 11614K, committed 11776K, reserved 1058816K
  class space    used 1388K, capacity 1534K, committed 1536K, reserved 1048576K
Event: 14.024 GC heap after
Heap after GC invocations=116 (full 0):
 PSYoungGen      total 24576K, used 96K [0x0000000795580000, 0x0000000798200000, 0x00000007c0000000)
  eden space 24064K, 0% used [0x0000000795580000,0x0000000795580000,0x0000000796d00000)
  from space 512K, 18% used [0x0000000798180000,0x0000000798198000,0x0000000798200000)
  to   space 512K, 0% used [0x0000000798100000,0x0000000798100000,0x0000000798180000)
 ParOldGen       total 87552K, used 4406K [0x0000000740000000, 0x0000000745580000, 0x0000000795580000)
  object space 87552K, 5% used [0x0000000740000000,0x000000074044d820,0x0000000745580000)
 Metaspace       used 11171K, capacity 11614K, committed 11776K, reserved 1058816K
  class space    used 1388K, capacity 1534K, committed 1536K, reserved 1048576K
}
Event: 14.161 GC heap before
{Heap before GC invocations=117 (full 0):
 PSYoungGen      total 24576K, used 24160K [0x0000000795580000, 0x0000000798200000, 0x00000007c0000000)
  eden space 24064K, 100% used [0x0000000795580000,0x0000000796d00000,0x0000000796d00000)
  from space 512K, 18% used [0x0000000798180000,0x0000000798198000,0x0000000798200000)
  to   space 512K, 0% used [0x0000000798100000,0x0000000798100000,0x0000000798180000)
 ParOldGen       total 87552K, used 4406K [0x0000000740000000, 0x0000000745580000, 0x0000000795580000)
  object space 87552K, 5% used [0x0000000740000000,0x000000074044d820,0x0000000745580000)
 Metaspace       used 11171K, capacity 11614K, committed 11776K, reserved 1058816K
  class space    used 1388K, capacity 1534K, committed 1536K, reserved 1048576K
Event: 14.161 GC heap after
Heap after GC invocations=117 (full 0):
 PSYoungGen      total 24576K, used 96K [0x0000000795580000, 0x0000000798200000, 0x00000007c0000000)
  eden space 24064K, 0% used [0x0000000795580000,0x0000000795580000,0x0000000796d00000)
  from space 512K, 18% used [0x0000000798100000,0x0000000798118000,0x0000000798180000)
  to   space 512K, 0% used [0x0000000798180000,0x0000000798180000,0x0000000798200000)
 ParOldGen       total 87552K, used 4414K [0x0000000740000000, 0x0000000745580000, 0x0000000795580000)
  object space 87552K, 5% used [0x0000000740000000,0x000000074044f820,0x0000000745580000)
 Metaspace       used 11171K, capacity 11614K, committed 11776K, reserved 1058816K
  class space    used 1388K, capacity 1534K, committed 1536K, reserved 1048576K
}
Event: 14.274 GC heap before
{Heap before GC invocations=118 (full 0):
 PSYoungGen      total 24576K, used 24160K [0x0000000795580000, 0x0000000798200000, 0x00000007c0000000)
  eden space 24064K, 100% used [0x0000000795580000,0x0000000796d00000,0x0000000796d00000)
  from space 512K, 18% used [0x0000000798100000,0x0000000798118000,0x0000000798180000)
  to   space 512K, 0% used [0x0000000798180000,0x0000000798180000,0x0000000798200000)
 ParOldGen       total 87552K, used 4414K [0x0000000740000000, 0x0000000745580000, 0x0000000795580000)
  object space 87552K, 5% used [0x0000000740000000,0x000000074044f820,0x0000000745580000)
 Metaspace       used 11171K, capacity 11614K, committed 11776K, reserved 1058816K
  class space    used 1388K, capacity 1534K, committed 1536K, reserved 1048576K
Event: 14.275 GC heap after
Heap after GC invocations=118 (full 0):
 PSYoungGen      total 24576K, used 96K [0x0000000795580000, 0x0000000798200000, 0x00000007c0000000)
  eden space 24064K, 0% used [0x0000000795580000,0x0000000795580000,0x0000000796d00000)
  from space 512K, 18% used [0x0000000798180000,0x0000000798198000,0x0000000798200000)
  to   space 512K, 0% used [0x0000000798100000,0x0000000798100000,0x0000000798180000)
 ParOldGen       total 87552K, used 4438K [0x0000000740000000, 0x0000000745580000, 0x0000000795580000)
  object space 87552K, 5% used [0x0000000740000000,0x0000000740455820,0x0000000745580000)
 Metaspace       used 11171K, capacity 11614K, committed 11776K, reserved 1058816K
  class space    used 1388K, capacity 1534K, committed 1536K, reserved 1048576K
}
Event: 14.374 GC heap before
{Heap before GC invocations=119 (full 0):
 PSYoungGen      total 24576K, used 24160K [0x0000000795580000, 0x0000000798200000, 0x00000007c0000000)
  eden space 24064K, 100% used [0x0000000795580000,0x0000000796d00000,0x0000000796d00000)
  from space 512K, 18% used [0x0000000798180000,0x0000000798198000,0x0000000798200000)
  to   space 512K, 0% used [0x0000000798100000,0x0000000798100000,0x0000000798180000)
 ParOldGen       total 87552K, used 4438K [0x0000000740000000, 0x0000000745580000, 0x0000000795580000)
  object space 87552K, 5% used [0x0000000740000000,0x0000000740455820,0x0000000745580000)
 Metaspace       used 11171K, capacity 11614K, committed 11776K, reserved 1058816K
  class space    used 1388K, capacity 1534K, committed 1536K, reserved 1048576K
Event: 14.375 GC heap after
Heap after GC invocations=119 (full 0):
 PSYoungGen      total 24576K, used 64K [0x0000000795580000, 0x0000000798200000, 0x00000007c0000000)
  eden space 24064K, 0% used [0x0000000795580000,0x0000000795580000,0x0000000796d00000)
  from space 512K, 12% used [0x0000000798100000,0x0000000798110000,0x0000000798180000)
  to   space 512K, 0% used [0x0000000798180000,0x0000000798180000,0x0000000798200000)
 ParOldGen       total 87552K, used 4446K [0x0000000740000000, 0x0000000745580000, 0x0000000795580000)
  object space 87552K, 5% used [0x0000000740000000,0x0000000740457820,0x0000000745580000)
 Metaspace       used 11171K, capacity 11614K, committed 11776K, reserved 1058816K
  class space    used 1388K, capacity 1534K, committed 1536K, reserved 1048576K
}
Event: 14.511 GC heap before
{Heap before GC invocations=120 (full 0):
 PSYoungGen      total 24576K, used 24128K [0x0000000795580000, 0x0000000798200000, 0x00000007c0000000)
  eden space 24064K, 100% used [0x0000000795580000,0x0000000796d00000,0x0000000796d00000)
  from space 512K, 12% used [0x0000000798100000,0x0000000798110000,0x0000000798180000)
  to   space 512K, 0% used [0x0000000798180000,0x0000000798180000,0x0000000798200000)
 ParOldGen       total 87552K, used 4446K [0x0000000740000000, 0x0000000745580000, 0x0000000795580000)
  object space 87552K, 5% used [0x0000000740000000,0x0000000740457820,0x0000000745580000)
 Metaspace       used 11171K, capacity 11614K, committed 11776K, reserved 1058816K
  class space    used 1388K, capacity 1534K, committed 1536K, reserved 1048576K
Event: 14.512 GC heap after
Heap after GC invocations=120 (full 0):
 PSYoungGen      total 24576K, used 64K [0x0000000795580000, 0x0000000798200000, 0x00000007c0000000)
  eden space 24064K, 0% used [0x0000000795580000,0x0000000795580000,0x0000000796d00000)
  from space 512K, 12% used [0x0000000798180000,0x0000000798190000,0x0000000798200000)
  to   space 512K, 0% used [0x0000000798100000,0x0000000798100000,0x0000000798180000)
 ParOldGen       total 87552K, used 4462K [0x0000000740000000, 0x0000000745580000, 0x0000000795580000)
  object space 87552K, 5% used [0x0000000740000000,0x000000074045b820,0x0000000745580000)
 Metaspace       used 11171K, capacity 11614K, committed 11776K, reserved 1058816K
  class space    used 1388K, capacity 1534K, committed 1536K, reserved 1048576K
}

